<?xml version="1.0" encoding="UTF-8"?>
<!-- Generated by org.testng.reporters.JUnitXMLReporter -->
<testsuite hostname="DESKTOP-F9DLUB6" name="Test" tests="1" failures="1" timestamp="20 Jul 2017 22:18:00 GMT" time="0.468" errors="0">
  <testcase name="test" time="0.468" classname="smokepack.testsmokz">
    <failure type="java.lang.NoSuchMethodError" message="org.openqa.selenium.net.PortProber.waitForPortUp(IILjava/util/concurrent/TimeUnit;)V">
      <![CDATA[java.lang.NoSuchMethodError: org.openqa.selenium.net.PortProber.waitForPortUp(IILjava/util/concurrent/TimeUnit;)V
	at org.openqa.selenium.firefox.GeckoDriverService.waitUntilAvailable(GeckoDriverService.java:73)
	at org.openqa.selenium.remote.service.DriverService.start(DriverService.java:166)
	at org.openqa.selenium.remote.service.DriverCommandExecutor.execute(DriverCommandExecutor.java:78)
	at org.openqa.selenium.remote.RemoteWebDriver.execute(RemoteWebDriver.java:644)
	at org.openqa.selenium.remote.RemoteWebDriver.startSession(RemoteWebDriver.java:249)
	at org.openqa.selenium.remote.RemoteWebDriver.<init>(RemoteWebDriver.java:131)
	at org.openqa.selenium.firefox.FirefoxDriver.<init>(FirefoxDriver.java:218)
	at org.openqa.selenium.firefox.FirefoxDriver.<init>(FirefoxDriver.java:125)
	at org.openqa.selenium.firefox.FirefoxDriver.<init>(FirefoxDriver.java:121)
	at smokepack.CommonMethods.openBrowser(CommonMethods.java:93)
	at smokepack.testsmokz.test(testsmokz.java:18)
... Removed 24 stack frames]]>
    </failure>
  </testcase> <!-- test -->
</testsuite> <!-- Test -->
