<?xml version="1.0" encoding="UTF-8"?>
<testsuite xmlns:xsi="http://www.w3.org/2001/XMLSchema-instance" xsi:schemaLocation="https://maven.apache.org/surefire/maven-surefire-plugin/xsd/surefire-test-report.xsd" name="TestSuite" time="37.533" tests="1" errors="0" skipped="0" failures="1">
  <properties>
[...]
</properties>
  <testcase name="test" classname="smokepack.testsmokz" time="36.856">
    <failure message="On page . Expected Text &quot;Maven Spring MVC Web Project Example&quot; not found" type="java.lang.AssertionError">java.lang.AssertionError: On page . Expected Text "Maven Spring MVC Web Project Example" not found
	at smokepack.testsmokz.test(testsmokz.java:22)
</failure>
    <system-out><![CDATA[FireFox Browser is opened
 Browser is mazimized
deleted all cookies
Opening the URL=http://10.1.10.238:8081/CounterWebApp/
On page . Expected Text "Maven Spring MVC Web Project Example" not found
]]></system-out>
    <system-err><![CDATA[1500593356022	geckodriver	INFO	Listening on 127.0.0.1:11240
1500593356619	geckodriver::marionette	INFO	Starting browser C:\Program Files (x86)\Mozilla Firefox\firefox.exe with args ["-marionette"]
[GFX1]: Potential driver version mismatch ignored due to missing DLLs igd10umd32 v= and igd10iumd32.dll v=0.0.0.0
1500593360932	Marionette	INFO	Listening on port 51627
Jul 20, 2017 4:29:21 PM org.openqa.selenium.remote.ProtocolHandshake createSession
INFO: Detected dialect: W3C
]]></system-err>
  </testcase>
</testsuite>